#
# There is insufficient memory for the Java Runtime Environment to continue.
# Native memory allocation (malloc) failed to allocate 1791376 bytes. Error detail: Chunk::new
# Possible reasons:
#   The system is out of physical RAM or swap space
#   This process is running with CompressedOops enabled, and the Java Heap may be blocking the growth of the native heap
# Possible solutions:
#   Reduce memory load on the system
#   Increase physical memory or swap space
#   Check if swap backing store is full
#   Decrease Java heap size (-Xmx/-Xms)
#   Decrease number of Java threads
#   Decrease Java thread stack sizes (-Xss)
#   Set larger code cache with -XX:ReservedCodeCacheSize=
#   JVM is running with Unscaled Compressed Oops mode in which the Java heap is
#     placed in the first 4GB address space. The Java Heap base address is the
#     maximum limit for the native heap growth. Please use -XX:HeapBaseMinAddress
#     to set the Java Heap base and to place the Java Heap above 4GB virtual address.
# This output file may be truncated or incomplete.
#
#  Out of Memory Error (arena.cpp:168), pid=15456, tid=13724
#
# JRE version: OpenJDK Runtime Environment Temurin-21.0.4+7 (21.0.4+7) (build 21.0.4+7-LTS)
# Java VM: OpenJDK 64-Bit Server VM Temurin-21.0.4+7 (21.0.4+7-LTS, mixed mode, sharing, tiered, compressed oops, compressed class ptrs, g1 gc, windows-amd64)
# No core dump will be written. Minidumps are not enabled by default on client versions of Windows
#

---------------  S U M M A R Y ------------

Command Line: -Dclassworlds.conf=C:\Program Files\JetBrains\IntelliJ IDEA 2024.1.6\plugins\maven\lib\maven3\bin\m2.conf -Dmaven.home=C:\Program Files\JetBrains\IntelliJ IDEA 2024.1.6\plugins\maven\lib\maven3 -Dlibrary.jansi.path=C:\Program Files\JetBrains\IntelliJ IDEA 2024.1.6\plugins\maven\lib\maven3\lib\jansi-native -Dmaven.multiModuleProjectDirectory=C:\Users\MINED\IdeaProjects\Cine_2024 org.codehaus.plexus.classworlds.launcher.Launcher io.openliberty.tools:liberty-maven-plugin:dev

Host: Intel(R) Celeron(R) N4120 CPU @ 1.10GHz, 4 cores, 3G,  Windows 11 , 64 bit Build 22000 (10.0.22000.2538)
Time: Thu Nov 14 14:03:14 2024 Hora estándar, América Central elapsed time: 58.978534 seconds (0d 0h 0m 58s)

---------------  T H R E A D  ---------------

Current thread (0x000001caf1a38280):  JavaThread "C2 CompilerThread0" daemon [_thread_in_native, id=13724, stack(0x0000007ce3a00000,0x0000007ce3b00000) (1024K)]


Current CompileTask:
C2:  58979 9315       4       org.glassfish.json.JsonGeneratorImpl::write (302 bytes)

Stack: [0x0000007ce3a00000,0x0000007ce3b00000]
Native frames: (J=compiled Java code, j=interpreted, Vv=VM code, C=native code)
V  [jvm.dll+0x6cbcf9]
V  [jvm.dll+0x8a5551]
V  [jvm.dll+0x8a7a7e]
V  [jvm.dll+0x8a8153]
V  [jvm.dll+0x27eca6]
V  [jvm.dll+0xc4aad]
V  [jvm.dll+0xc4fe3]
V  [jvm.dll+0x3b5102]
V  [jvm.dll+0x3815a5]
V  [jvm.dll+0x380a0a]
V  [jvm.dll+0x247110]
V  [jvm.dll+0x2466ef]
V  [jvm.dll+0x1c6f7e]
V  [jvm.dll+0x255e7a]
V  [jvm.dll+0x25441a]
V  [jvm.dll+0x3eeef6]
V  [jvm.dll+0x84f17b]
V  [jvm.dll+0x6ca3fd]
C  [ucrtbase.dll+0x26c0c]
C  [KERNEL32.DLL+0x153e0]
C  [ntdll.dll+0x485b]


---------------  P R O C E S S  ---------------

Threads class SMR info:
_java_thread_list=0x000001caf74a87b0, length=11, elements={
0x000001cad4a79f60, 0x000001caf1a2c030, 0x000001caf1a2c6a0, 0x000001caf1a2e3d0,
0x000001caf1a2f0b0, 0x000001caf1a302b0, 0x000001caf1a31710, 0x000001caf1a38280,
0x000001caf1a3a4d0, 0x000001caf608e340, 0x000001caf608aec0
}

Java Threads: ( => current thread )
  0x000001cad4a79f60 JavaThread "main"                              [_thread_in_Java, id=16472, stack(0x0000007ce2c00000,0x0000007ce2d00000) (1024K)]
  0x000001caf1a2c030 JavaThread "Reference Handler"          daemon [_thread_blocked, id=4236, stack(0x0000007ce3400000,0x0000007ce3500000) (1024K)]
  0x000001caf1a2c6a0 JavaThread "Finalizer"                  daemon [_thread_blocked, id=8676, stack(0x0000007ce3500000,0x0000007ce3600000) (1024K)]
  0x000001caf1a2e3d0 JavaThread "Signal Dispatcher"          daemon [_thread_blocked, id=3944, stack(0x0000007ce3600000,0x0000007ce3700000) (1024K)]
  0x000001caf1a2f0b0 JavaThread "Attach Listener"            daemon [_thread_blocked, id=5552, stack(0x0000007ce3700000,0x0000007ce3800000) (1024K)]
  0x000001caf1a302b0 JavaThread "Service Thread"             daemon [_thread_blocked, id=13336, stack(0x0000007ce3800000,0x0000007ce3900000) (1024K)]
  0x000001caf1a31710 JavaThread "Monitor Deflation Thread"   daemon [_thread_blocked, id=13796, stack(0x0000007ce3900000,0x0000007ce3a00000) (1024K)]
=>0x000001caf1a38280 JavaThread "C2 CompilerThread0"         daemon [_thread_in_native, id=13724, stack(0x0000007ce3a00000,0x0000007ce3b00000) (1024K)]
  0x000001caf1a3a4d0 JavaThread "C1 CompilerThread0"         daemon [_thread_blocked, id=15272, stack(0x0000007ce3b00000,0x0000007ce3c00000) (1024K)]
  0x000001caf608e340 JavaThread "Notification Thread"        daemon [_thread_blocked, id=4932, stack(0x0000007ce3c00000,0x0000007ce3d00000) (1024K)]
  0x000001caf608aec0 JavaThread "Common-Cleaner"             daemon [_thread_blocked, id=5596, stack(0x0000007ce3d00000,0x0000007ce3e00000) (1024K)]
Total: 11

Other Threads:
  0x000001cad6c77bd0 VMThread "VM Thread"                           [id=6452, stack(0x0000007ce3300000,0x0000007ce3400000) (1024K)]
  0x000001cad6c65c30 WatcherThread "VM Periodic Task Thread"        [id=2488, stack(0x0000007ce3200000,0x0000007ce3300000) (1024K)]
  0x000001cad6bf05c0 WorkerThread "GC Thread#0"                     [id=10924, stack(0x0000007ce2d00000,0x0000007ce2e00000) (1024K)]
  0x000001caf6a09580 WorkerThread "GC Thread#1"                     [id=13508, stack(0x0000007ce3e00000,0x0000007ce3f00000) (1024K)]
  0x000001caf6a32490 WorkerThread "GC Thread#2"                     [id=8244, stack(0x0000007ce3f00000,0x0000007ce4000000) (1024K)]
  0x000001caf6a338d0 WorkerThread "GC Thread#3"                     [id=15468, stack(0x0000007ce4000000,0x0000007ce4100000) (1024K)]
  0x000001cad6bf9020 ConcurrentGCThread "G1 Main Marker"            [id=13816, stack(0x0000007ce2e00000,0x0000007ce2f00000) (1024K)]
  0x000001cad6bface0 WorkerThread "G1 Conc#0"                       [id=18212, stack(0x0000007ce2f00000,0x0000007ce3000000) (1024K)]
  0x000001cad6c51ae0 ConcurrentGCThread "G1 Refine#0"               [id=11728, stack(0x0000007ce3000000,0x0000007ce3100000) (1024K)]
  0x000001cad6c52650 ConcurrentGCThread "G1 Service"                [id=14316, stack(0x0000007ce3100000,0x0000007ce3200000) (1024K)]
Total: 10

Threads with active compile tasks:
C2 CompilerThread0    59059 9315       4       org.glassfish.json.JsonGeneratorImpl::write (302 bytes)
Total: 1

VM state: not at safepoint (normal execution)

VM Mutex/Monitor currently owned by a thread: None

Heap address: 0x00000000c2c00000, size: 980 MB, Compressed Oops mode: 32-bit

CDS archive(s) mapped at: [0x000001ca80000000-0x000001ca80c90000-0x000001ca80c90000), size 13172736, SharedBaseAddress: 0x000001ca80000000, ArchiveRelocationMode: 1.
Compressed class space mapped at: 0x000001ca81000000-0x000001cac1000000, reserved size: 1073741824
Narrow klass base: 0x000001ca80000000, Narrow klass shift: 0, Narrow klass range: 0x100000000

GC Precious Log:
 CardTable entry size: 512
 Card Set container configuration: InlinePtr #cards 5 size 8 Array Of Cards #cards 12 size 40 Howl #buckets 4 coarsen threshold 1843 Howl Bitmap #cards 512 size 80 coarsen threshold 460 Card regions per heap region 1 cards per card region 2048
 CPUs: 4 total, 4 available
 Memory: 3917M
 Large Page Support: Disabled
 NUMA Support: Disabled
 Compressed Oops: Enabled (32-bit)
 Heap Region Size: 1M
 Heap Min Capacity: 8M
 Heap Initial Capacity: 62M
 Heap Max Capacity: 980M
 Pre-touch: Disabled
 Parallel Workers: 4
 Concurrent Workers: 1
 Concurrent Refinement Workers: 4
 Periodic GC: Disabled

Heap:
 garbage-first heap   total 99328K, used 67865K [0x00000000c2c00000, 0x0000000100000000)
  region size 1024K, 11 young (11264K), 1 survivors (1024K)
 Metaspace       used 44542K, committed 45120K, reserved 1114112K
  class space    used 4905K, committed 5184K, reserved 1048576K

Heap Regions: E=young(eden), S=young(survivor), O=old, HS=humongous(starts), HC=humongous(continues), CS=collection set, F=free, TAMS=top-at-mark-start, PB=parsable bottom
|   0|0x00000000c2c00000, 0x00000000c2d00000, 0x00000000c2d00000|100%| O|  |TAMS 0x00000000c2c00000| PB 0x00000000c2c00000| Untracked 
|   1|0x00000000c2d00000, 0x00000000c2e00000, 0x00000000c2e00000|100%| O|  |TAMS 0x00000000c2d00000| PB 0x00000000c2d00000| Untracked 
|   2|0x00000000c2e00000, 0x00000000c2f00000, 0x00000000c2f00000|100%| O|  |TAMS 0x00000000c2e00000| PB 0x00000000c2e00000| Untracked 
|   3|0x00000000c2f00000, 0x00000000c3000000, 0x00000000c3000000|100%| O|  |TAMS 0x00000000c2f00000| PB 0x00000000c2f00000| Untracked 
|   4|0x00000000c3000000, 0x00000000c3100000, 0x00000000c3100000|100%| O|  |TAMS 0x00000000c3000000| PB 0x00000000c3000000| Untracked 
|   5|0x00000000c3100000, 0x00000000c3200000, 0x00000000c3200000|100%| O|  |TAMS 0x00000000c3100000| PB 0x00000000c3100000| Untracked 
|   6|0x00000000c3200000, 0x00000000c3300000, 0x00000000c3300000|100%| O|  |TAMS 0x00000000c3200000| PB 0x00000000c3200000| Untracked 
|   7|0x00000000c3300000, 0x00000000c3400000, 0x00000000c3400000|100%| O|  |TAMS 0x00000000c3300000| PB 0x00000000c3300000| Untracked 
|   8|0x00000000c3400000, 0x00000000c3500000, 0x00000000c3500000|100%| O|  |TAMS 0x00000000c3400000| PB 0x00000000c3400000| Untracked 
|   9|0x00000000c3500000, 0x00000000c3600000, 0x00000000c3600000|100%| O|  |TAMS 0x00000000c3500000| PB 0x00000000c3500000| Untracked 
|  10|0x00000000c3600000, 0x00000000c3700000, 0x00000000c3700000|100%| O|  |TAMS 0x00000000c3600000| PB 0x00000000c3600000| Untracked 
|  11|0x00000000c3700000, 0x00000000c3800000, 0x00000000c3800000|100%| O|  |TAMS 0x00000000c3700000| PB 0x00000000c3700000| Untracked 
|  12|0x00000000c3800000, 0x00000000c3900000, 0x00000000c3900000|100%| O|  |TAMS 0x00000000c3800000| PB 0x00000000c3800000| Untracked 
|  13|0x00000000c3900000, 0x00000000c3a00000, 0x00000000c3a00000|100%| O|  |TAMS 0x00000000c3900000| PB 0x00000000c3900000| Untracked 
|  14|0x00000000c3a00000, 0x00000000c3b00000, 0x00000000c3b00000|100%| O|  |TAMS 0x00000000c3a00000| PB 0x00000000c3a00000| Untracked 
|  15|0x00000000c3b00000, 0x00000000c3c00000, 0x00000000c3c00000|100%| O|  |TAMS 0x00000000c3b00000| PB 0x00000000c3b00000| Untracked 
|  16|0x00000000c3c00000, 0x00000000c3d00000, 0x00000000c3d00000|100%| O|  |TAMS 0x00000000c3c00000| PB 0x00000000c3c00000| Untracked 
|  17|0x00000000c3d00000, 0x00000000c3e00000, 0x00000000c3e00000|100%| O|  |TAMS 0x00000000c3d00000| PB 0x00000000c3d00000| Untracked 
|  18|0x00000000c3e00000, 0x00000000c3f00000, 0x00000000c3f00000|100%| O|  |TAMS 0x00000000c3e00000| PB 0x00000000c3e00000| Untracked 
|  19|0x00000000c3f00000, 0x00000000c4000000, 0x00000000c4000000|100%|HS|  |TAMS 0x00000000c3f00000| PB 0x00000000c3f00000| Complete 
|  20|0x00000000c4000000, 0x00000000c4100000, 0x00000000c4100000|100%| O|Cm|TAMS 0x00000000c4000000| PB 0x00000000c4000000| Complete 
|  21|0x00000000c4100000, 0x00000000c4200000, 0x00000000c4200000|100%| O|Cm|TAMS 0x00000000c4100000| PB 0x00000000c4100000| Complete 
|  22|0x00000000c4200000, 0x00000000c4300000, 0x00000000c4300000|100%| O|  |TAMS 0x00000000c4200000| PB 0x00000000c4200000| Untracked 
|  23|0x00000000c4300000, 0x00000000c4400000, 0x00000000c4400000|100%| O|  |TAMS 0x00000000c4300000| PB 0x00000000c4300000| Untracked 
|  24|0x00000000c4400000, 0x00000000c4500000, 0x00000000c4500000|100%| O|  |TAMS 0x00000000c4400000| PB 0x00000000c4400000| Untracked 
|  25|0x00000000c4500000, 0x00000000c4600000, 0x00000000c4600000|100%| O|  |TAMS 0x00000000c4500000| PB 0x00000000c4500000| Untracked 
|  26|0x00000000c4600000, 0x00000000c4700000, 0x00000000c4700000|100%| O|  |TAMS 0x00000000c4600000| PB 0x00000000c4600000| Untracked 
|  27|0x00000000c4700000, 0x00000000c4800000, 0x00000000c4800000|100%| O|  |TAMS 0x00000000c4700000| PB 0x00000000c4700000| Untracked 
|  28|0x00000000c4800000, 0x00000000c4900000, 0x00000000c4900000|100%| O|  |TAMS 0x00000000c4800000| PB 0x00000000c4800000| Untracked 
|  29|0x00000000c4900000, 0x00000000c4a00000, 0x00000000c4a00000|100%| O|  |TAMS 0x00000000c4900000| PB 0x00000000c4900000| Untracked 
|  30|0x00000000c4a00000, 0x00000000c4b00000, 0x00000000c4b00000|100%| O|  |TAMS 0x00000000c4a00000| PB 0x00000000c4a00000| Untracked 
|  31|0x00000000c4b00000, 0x00000000c4c00000, 0x00000000c4c00000|100%| O|  |TAMS 0x00000000c4b00000| PB 0x00000000c4b00000| Untracked 
|  32|0x00000000c4c00000, 0x00000000c4d00000, 0x00000000c4d00000|100%| O|Cm|TAMS 0x00000000c4c00000| PB 0x00000000c4c00000| Complete 
|  33|0x00000000c4d00000, 0x00000000c4e00000, 0x00000000c4e00000|100%| O|Cm|TAMS 0x00000000c4d00000| PB 0x00000000c4d00000| Complete 
|  34|0x00000000c4e00000, 0x00000000c4f00000, 0x00000000c4f00000|100%| O|  |TAMS 0x00000000c4e00000| PB 0x00000000c4e00000| Untracked 
|  35|0x00000000c4f00000, 0x00000000c5000000, 0x00000000c5000000|100%| O|Cm|TAMS 0x00000000c4f00000| PB 0x00000000c4f00000| Complete 
|  36|0x00000000c5000000, 0x00000000c5100000, 0x00000000c5100000|100%| O|Cm|TAMS 0x00000000c5000000| PB 0x00000000c5000000| Complete 
|  37|0x00000000c5100000, 0x00000000c5200000, 0x00000000c5200000|100%| O|Cm|TAMS 0x00000000c5100000| PB 0x00000000c5100000| Complete 
|  38|0x00000000c5200000, 0x00000000c5300000, 0x00000000c5300000|100%| O|  |TAMS 0x00000000c5200000| PB 0x00000000c5200000| Untracked 
|  39|0x00000000c5300000, 0x00000000c5400000, 0x00000000c5400000|100%| O|  |TAMS 0x00000000c5300000| PB 0x00000000c5300000| Untracked 
|  40|0x00000000c5400000, 0x00000000c5500000, 0x00000000c5500000|100%| O|  |TAMS 0x00000000c5400000| PB 0x00000000c5400000| Untracked 
|  41|0x00000000c5500000, 0x00000000c5600000, 0x00000000c5600000|100%| O|  |TAMS 0x00000000c5500000| PB 0x00000000c5500000| Untracked 
|  42|0x00000000c5600000, 0x00000000c5700000, 0x00000000c5700000|100%| O|  |TAMS 0x00000000c5600000| PB 0x00000000c5600000| Untracked 
|  43|0x00000000c5700000, 0x00000000c5800000, 0x00000000c5800000|100%| O|  |TAMS 0x00000000c5700000| PB 0x00000000c5700000| Untracked 
|  44|0x00000000c5800000, 0x00000000c5900000, 0x00000000c5900000|100%| O|  |TAMS 0x00000000c5800000| PB 0x00000000c5800000| Untracked 
|  45|0x00000000c5900000, 0x00000000c5a00000, 0x00000000c5a00000|100%| O|  |TAMS 0x00000000c5900000| PB 0x00000000c5900000| Untracked 
|  46|0x00000000c5a00000, 0x00000000c5b00000, 0x00000000c5b00000|100%| O|Cm|TAMS 0x00000000c5a00000| PB 0x00000000c5a00000| Complete 
|  47|0x00000000c5b00000, 0x00000000c5c00000, 0x00000000c5c00000|100%| O|  |TAMS 0x00000000c5b00000| PB 0x00000000c5b00000| Untracked 
|  48|0x00000000c5c00000, 0x00000000c5d00000, 0x00000000c5d00000|100%| O|  |TAMS 0x00000000c5c00000| PB 0x00000000c5c00000| Untracked 
|  49|0x00000000c5d00000, 0x00000000c5e00000, 0x00000000c5e00000|100%| O|  |TAMS 0x00000000c5d00000| PB 0x00000000c5d00000| Untracked 
|  50|0x00000000c5e00000, 0x00000000c5e00000, 0x00000000c5f00000|  0%| F|  |TAMS 0x00000000c5e00000| PB 0x00000000c5e00000| Untracked 
|  51|0x00000000c5f00000, 0x00000000c5f00000, 0x00000000c6000000|  0%| F|  |TAMS 0x00000000c5f00000| PB 0x00000000c5f00000| Untracked 
|  52|0x00000000c6000000, 0x00000000c6000000, 0x00000000c6100000|  0%| F|  |TAMS 0x00000000c6000000| PB 0x00000000c6000000| Untracked 
|  53|0x00000000c6100000, 0x00000000c6100000, 0x00000000c6200000|  0%| F|  |TAMS 0x00000000c6100000| PB 0x00000000c6100000| Untracked 
|  54|0x00000000c6200000, 0x00000000c6200000, 0x00000000c6300000|  0%| F|  |TAMS 0x00000000c6200000| PB 0x00000000c6200000| Untracked 
|  55|0x00000000c6300000, 0x00000000c6300000, 0x00000000c6400000|  0%| F|  |TAMS 0x00000000c6300000| PB 0x00000000c6300000| Untracked 
|  56|0x00000000c6400000, 0x00000000c6400000, 0x00000000c6500000|  0%| F|  |TAMS 0x00000000c6400000| PB 0x00000000c6400000| Untracked 
|  57|0x00000000c6500000, 0x00000000c6500000, 0x00000000c6600000|  0%| F|  |TAMS 0x00000000c6500000| PB 0x00000000c6500000| Untracked 
|  58|0x00000000c6600000, 0x00000000c6600000, 0x00000000c6700000|  0%| F|  |TAMS 0x00000000c6600000| PB 0x00000000c6600000| Untracked 
|  59|0x00000000c6700000, 0x00000000c6700000, 0x00000000c6800000|  0%| F|  |TAMS 0x00000000c6700000| PB 0x00000000c6700000| Untracked 
|  60|0x00000000c6800000, 0x00000000c6800000, 0x00000000c6900000|  0%| F|  |TAMS 0x00000000c6800000| PB 0x00000000c6800000| Untracked 
|  61|0x00000000c6900000, 0x00000000c6900000, 0x00000000c6a00000|  0%| F|  |TAMS 0x00000000c6900000| PB 0x00000000c6900000| Untracked 
|  62|0x00000000c6a00000, 0x00000000c6a00000, 0x00000000c6b00000|  0%| F|  |TAMS 0x00000000c6a00000| PB 0x00000000c6a00000| Untracked 
|  63|0x00000000c6b00000, 0x00000000c6b00000, 0x00000000c6c00000|  0%| F|  |TAMS 0x00000000c6b00000| PB 0x00000000c6b00000| Untracked 
|  64|0x00000000c6c00000, 0x00000000c6c00000, 0x00000000c6d00000|  0%| F|  |TAMS 0x00000000c6c00000| PB 0x00000000c6c00000| Untracked 
|  65|0x00000000c6d00000, 0x00000000c6d00000, 0x00000000c6e00000|  0%| F|  |TAMS 0x00000000c6d00000| PB 0x00000000c6d00000| Untracked 
|  66|0x00000000c6e00000, 0x00000000c6e00000, 0x00000000c6f00000|  0%| F|  |TAMS 0x00000000c6e00000| PB 0x00000000c6e00000| Untracked 
|  67|0x00000000c6f00000, 0x00000000c6f00000, 0x00000000c7000000|  0%| F|  |TAMS 0x00000000c6f00000| PB 0x00000000c6f00000| Untracked 
|  68|0x00000000c7000000, 0x00000000c7000000, 0x00000000c7100000|  0%| F|  |TAMS 0x00000000c7000000| PB 0x00000000c7000000| Untracked 
|  69|0x00000000c7100000, 0x00000000c7100000, 0x00000000c7200000|  0%| F|  |TAMS 0x00000000c7100000| PB 0x00000000c7100000| Untracked 
|  70|0x00000000c7200000, 0x00000000c7246590, 0x00000000c7300000| 27%| S|CS|TAMS 0x00000000c7200000| PB 0x00000000c7200000| Complete 
|  71|0x00000000c7300000, 0x00000000c7300000, 0x00000000c7400000|  0%| F|  |TAMS 0x00000000c7300000| PB 0x00000000c7300000| Untracked 
|  72|0x00000000c7400000, 0x00000000c7400000, 0x00000000c7500000|  0%| F|  |TAMS 0x00000000c7400000| PB 0x00000000c7400000| Untracked 
|  73|0x00000000c7500000, 0x00000000c7500000, 0x00000000c7600000|  0%| F|  |TAMS 0x00000000c7500000| PB 0x00000000c7500000| Untracked 
|  74|0x00000000c7600000, 0x00000000c7600000, 0x00000000c7700000|  0%| F|  |TAMS 0x00000000c7600000| PB 0x00000000c7600000| Untracked 
|  75|0x00000000c7700000, 0x00000000c7700000, 0x00000000c7800000|  0%| F|  |TAMS 0x00000000c7700000| PB 0x00000000c7700000| Untracked 
|  76|0x00000000c7800000, 0x00000000c7800000, 0x00000000c7900000|  0%| F|  |TAMS 0x00000000c7800000| PB 0x00000000c7800000| Untracked 
|  77|0x00000000c7900000, 0x00000000c7900000, 0x00000000c7a00000|  0%| F|  |TAMS 0x00000000c7900000| PB 0x00000000c7900000| Untracked 
|  78|0x00000000c7a00000, 0x00000000c7a00000, 0x00000000c7b00000|  0%| F|  |TAMS 0x00000000c7a00000| PB 0x00000000c7a00000| Untracked 
|  79|0x00000000c7b00000, 0x00000000c7b00000, 0x00000000c7c00000|  0%| F|  |TAMS 0x00000000c7b00000| PB 0x00000000c7b00000| Untracked 
|  80|0x00000000c7c00000, 0x00000000c7d00000, 0x00000000c7d00000|100%| E|  |TAMS 0x00000000c7c00000| PB 0x00000000c7c00000| Complete 
|  81|0x00000000c7d00000, 0x00000000c7e00000, 0x00000000c7e00000|100%| E|CS|TAMS 0x00000000c7d00000| PB 0x00000000c7d00000| Complete 
|  82|0x00000000c7e00000, 0x00000000c7f00000, 0x00000000c7f00000|100%| E|CS|TAMS 0x00000000c7e00000| PB 0x00000000c7e00000| Complete 
|  83|0x00000000c7f00000, 0x00000000c8000000, 0x00000000c8000000|100%| E|CS|TAMS 0x00000000c7f00000| PB 0x00000000c7f00000| Complete 
|  84|0x00000000c8000000, 0x00000000c8100000, 0x00000000c8100000|100%| E|CS|TAMS 0x00000000c8000000| PB 0x00000000c8000000| Complete 
|  85|0x00000000c8100000, 0x00000000c8200000, 0x00000000c8200000|100%| E|CS|TAMS 0x00000000c8100000| PB 0x00000000c8100000| Complete 
| 969|0x00000000ff500000, 0x00000000ff600000, 0x00000000ff600000|100%| O|Cm|TAMS 0x00000000ff500000| PB 0x00000000ff500000| Complete 
| 970|0x00000000ff600000, 0x00000000ff700000, 0x00000000ff700000|100%| O|  |TAMS 0x00000000ff600000| PB 0x00000000ff600000| Untracked 
| 971|0x00000000ff700000, 0x00000000ff800000, 0x00000000ff800000|100%| O|  |TAMS 0x00000000ff700000| PB 0x00000000ff700000| Untracked 
| 972|0x00000000ff800000, 0x00000000ff900000, 0x00000000ff900000|100%| O|  |TAMS 0x00000000ff800000| PB 0x00000000ff800000| Untracked 
| 973|0x00000000ff900000, 0x00000000ffa00000, 0x00000000ffa00000|100%| O|  |TAMS 0x00000000ff900000| PB 0x00000000ff900000| Untracked 
| 974|0x00000000ffa00000, 0x00000000ffb00000, 0x00000000ffb00000|100%| O|  |TAMS 0x00000000ffa00000| PB 0x00000000ffa00000| Untracked 
| 975|0x00000000ffb00000, 0x00000000ffc00000, 0x00000000ffc00000|100%| O|  |TAMS 0x00000000ffb00000| PB 0x00000000ffb00000| Untracked 
| 976|0x00000000ffc00000, 0x00000000ffd00000, 0x00000000ffd00000|100%| E|CS|TAMS 0x00000000ffc00000| PB 0x00000000ffc00000| Complete 
| 977|0x00000000ffd00000, 0x00000000ffe00000, 0x00000000ffe00000|100%| E|CS|TAMS 0x00000000ffd00000| PB 0x00000000ffd00000| Complete 
| 978|0x00000000ffe00000, 0x00000000fff00000, 0x00000000fff00000|100%| E|CS|TAMS 0x00000000ffe00000| PB 0x00000000ffe00000| Complete 
| 979|0x00000000fff00000, 0x0000000100000000, 0x0000000100000000|100%| E|CS|TAMS 0x00000000fff00000| PB 0x00000000fff00000| Complete 

Card table byte_map: [0x000001caee490000,0x000001caee680000] _byte_map_base: 0x000001caede7a000

Marking Bits: (CMBitMap*) 0x000001cad6bf0cc0
 Bits: [0x000001caee680000, 0x000001caef5d0000)

Polling page: 0x000001cad4b00000

Metaspace:

Usage:
  Non-class:     38.71 MB used.
      Class:      4.79 MB used.
       Both:     43.50 MB used.

Virtual space:
  Non-class space:       64.00 MB reserved,      39.00 MB ( 61%) committed,  1 nodes.
      Class space:        1.00 GB reserved,       5.06 MB ( <1%) committed,  1 nodes.
             Both:        1.06 GB reserved,      44.06 MB (  4%) committed. 

Chunk freelists:
   Non-Class:  8.77 MB
       Class:  10.98 MB
        Both:  19.75 MB

MaxMetaspaceSize: unlimited
CompressedClassSpaceSize: 1.00 GB
Initial GC threshold: 21.00 MB
Current GC threshold: 73.44 MB
CDS: on
 - commit_granule_bytes: 65536.
 - commit_granule_words: 8192.
 - virtual_space_node_default_size: 8388608.
 - enlarge_chunks_in_place: 1.
 - use_allocation_guard: 0.


Internal statistics:

num_allocs_failed_limit: 3.
num_arena_births: 510.
num_arena_deaths: 0.
num_vsnodes_births: 2.
num_vsnodes_deaths: 0.
num_space_committed: 705.
num_space_uncommitted: 0.
num_chunks_returned_to_freelist: 3.
num_chunks_taken_from_freelist: 1818.
num_chunk_merges: 3.
num_chunk_splits: 1319.
num_chunks_enlarged: 1037.
num_inconsistent_stats: 0.

CodeHeap 'non-profiled nmethods': size=120000Kb used=4121Kb max_used=4366Kb free=115878Kb
 bounds [0x000001cae6d70000, 0x000001cae71c0000, 0x000001caee2a0000]
CodeHeap 'profiled nmethods': size=120000Kb used=18050Kb max_used=18281Kb free=101949Kb
 bounds [0x000001cadf2a0000, 0x000001cae04a0000, 0x000001cae67d0000]
CodeHeap 'non-nmethods': size=5760Kb used=1579Kb max_used=1622Kb free=4180Kb
 bounds [0x000001cae67d0000, 0x000001cae6a40000, 0x000001cae6d70000]
 total_blobs=8494 nmethods=7865 adapters=534
 compilation: enabled
              stopped_count=0, restarted_count=0
 full_count=0

Compilation events (20 events):
Event: 58.297 Thread 0x000001caf1a38280 nmethod 9293 0x000001cae6fde690 code [0x000001cae6fde820, 0x000001cae6fde8f8]
Event: 58.297 Thread 0x000001caf1a38280 9315       4       org.glassfish.json.JsonGeneratorImpl::write (302 bytes)
Event: 58.353 Thread 0x000001caf1a3a4d0 9318       3       java.lang.Class::searchFields (43 bytes)
Event: 58.354 Thread 0x000001caf1a3a4d0 nmethod 9318 0x000001cadf413790 code [0x000001cadf413960, 0x000001cadf413c00]
Event: 58.366 Thread 0x000001caf1a3a4d0 9321       3       java.lang.Class::getField0 (99 bytes)
Event: 58.367 Thread 0x000001caf1a3a4d0 nmethod 9321 0x000001cadf2acc10 code [0x000001cadf2ace40, 0x000001cadf2ad360]
Event: 58.376 Thread 0x000001caf1a3a4d0 9322   !   3       java.lang.Class::newInstance (134 bytes)
Event: 58.379 Thread 0x000001caf1a3a4d0 nmethod 9322 0x000001cadf72a790 code [0x000001cadf72ac00, 0x000001cadf72ca60]
Event: 58.475 Thread 0x000001caf1a3a4d0 9324  s    3       java.lang.StringBuffer::toString (34 bytes)
Event: 58.476 Thread 0x000001caf1a3a4d0 nmethod 9324 0x000001cadf2eed10 code [0x000001cadf2eeee0, 0x000001cadf2ef300]
Event: 58.497 Thread 0x000001caf1a3a4d0 9325       3       java.io.StringWriter::write (25 bytes)
Event: 58.498 Thread 0x000001caf1a3a4d0 nmethod 9325 0x000001cadfc8c410 code [0x000001cadfc8c600, 0x000001cadfc8cae8]
Event: 58.524 Thread 0x000001caf1a3a4d0 9328       3       java.lang.invoke.VarHandleReferences$FieldInstanceReadWrite::setRelease (35 bytes)
Event: 58.525 Thread 0x000001caf1a3a4d0 nmethod 9328 0x000001cadf57d790 code [0x000001cadf57d9c0, 0x000001cadf57e218]
Event: 58.526 Thread 0x000001caf1a3a4d0 9329       3       org.glassfish.json.JsonGeneratorImpl::<init> (55 bytes)
Event: 58.527 Thread 0x000001caf1a3a4d0 nmethod 9329 0x000001cadf5fd010 code [0x000001cadf5fd240, 0x000001cadf5fdc80]
Event: 58.530 Thread 0x000001caf1a3a4d0 9330       3       org.glassfish.json.JsonWriterImpl::<init> (39 bytes)
Event: 58.530 Thread 0x000001caf1a3a4d0 nmethod 9330 0x000001cadf31f610 code [0x000001cadf31f7e0, 0x000001cadf31fbb0]
Event: 58.531 Thread 0x000001caf1a3a4d0 9331   !   3       org.glassfish.json.JsonGeneratorImpl::close (75 bytes)
Event: 58.531 Thread 0x000001caf1a3a4d0 nmethod 9331 0x000001cadf51fe90 code [0x000001cadf5200e0, 0x000001cadf520768]

GC Heap History (20 events):
Event: 40.530 GC heap before
{Heap before GC invocations=16 (full 0):
 garbage-first heap   total 65536K, used 47642K [0x00000000c2c00000, 0x0000000100000000)
  region size 1024K, 11 young (11264K), 2 survivors (2048K)
 Metaspace       used 30983K, committed 31424K, reserved 1114112K
  class space    used 3370K, committed 3584K, reserved 1048576K
}
Event: 40.541 GC heap after
{Heap after GC invocations=17 (full 0):
 garbage-first heap   total 65536K, used 41217K [0x00000000c2c00000, 0x0000000100000000)
  region size 1024K, 2 young (2048K), 2 survivors (2048K)
 Metaspace       used 30983K, committed 31424K, reserved 1114112K
  class space    used 3370K, committed 3584K, reserved 1048576K
}
Event: 41.535 GC heap before
{Heap before GC invocations=17 (full 0):
 garbage-first heap   total 65536K, used 53505K [0x00000000c2c00000, 0x0000000100000000)
  region size 1024K, 14 young (14336K), 2 survivors (2048K)
 Metaspace       used 31109K, committed 31552K, reserved 1114112K
  class space    used 3384K, committed 3584K, reserved 1048576K
}
Event: 41.558 GC heap after
{Heap after GC invocations=18 (full 0):
 garbage-first heap   total 65536K, used 38819K [0x00000000c2c00000, 0x0000000100000000)
  region size 1024K, 2 young (2048K), 2 survivors (2048K)
 Metaspace       used 31109K, committed 31552K, reserved 1114112K
  class space    used 3384K, committed 3584K, reserved 1048576K
}
Event: 43.743 GC heap before
{Heap before GC invocations=18 (full 0):
 garbage-first heap   total 65536K, used 52131K [0x00000000c2c00000, 0x0000000100000000)
  region size 1024K, 16 young (16384K), 2 survivors (2048K)
 Metaspace       used 36249K, committed 36672K, reserved 1114112K
  class space    used 3925K, committed 4096K, reserved 1048576K
}
Event: 43.756 GC heap after
{Heap after GC invocations=19 (full 0):
 garbage-first heap   total 65536K, used 41896K [0x00000000c2c00000, 0x0000000100000000)
  region size 1024K, 2 young (2048K), 2 survivors (2048K)
 Metaspace       used 36249K, committed 36672K, reserved 1114112K
  class space    used 3925K, committed 4096K, reserved 1048576K
}
Event: 45.193 GC heap before
{Heap before GC invocations=20 (full 0):
 garbage-first heap   total 70656K, used 55208K [0x00000000c2c00000, 0x0000000100000000)
  region size 1024K, 15 young (15360K), 2 survivors (2048K)
 Metaspace       used 39811K, committed 40256K, reserved 1114112K
  class space    used 4359K, committed 4544K, reserved 1048576K
}
Event: 45.204 GC heap after
{Heap after GC invocations=21 (full 0):
 garbage-first heap   total 70656K, used 44257K [0x00000000c2c00000, 0x0000000100000000)
  region size 1024K, 2 young (2048K), 2 survivors (2048K)
 Metaspace       used 39811K, committed 40256K, reserved 1114112K
  class space    used 4359K, committed 4544K, reserved 1048576K
}
Event: 52.950 GC heap before
{Heap before GC invocations=21 (full 0):
 garbage-first heap   total 70656K, used 57569K [0x00000000c2c00000, 0x0000000100000000)
  region size 1024K, 16 young (16384K), 2 survivors (2048K)
 Metaspace       used 43405K, committed 43904K, reserved 1114112K
  class space    used 4769K, committed 4992K, reserved 1048576K
}
Event: 52.966 GC heap after
{Heap after GC invocations=22 (full 0):
 garbage-first heap   total 70656K, used 40540K [0x00000000c2c00000, 0x0000000100000000)
  region size 1024K, 2 young (2048K), 2 survivors (2048K)
 Metaspace       used 43405K, committed 43904K, reserved 1114112K
  class space    used 4769K, committed 4992K, reserved 1048576K
}
Event: 55.550 GC heap before
{Heap before GC invocations=22 (full 0):
 garbage-first heap   total 70656K, used 56924K [0x00000000c2c00000, 0x0000000100000000)
  region size 1024K, 19 young (19456K), 2 survivors (2048K)
 Metaspace       used 43739K, committed 44288K, reserved 1114112K
  class space    used 4798K, committed 5056K, reserved 1048576K
}
Event: 55.605 GC heap after
{Heap after GC invocations=23 (full 0):
 garbage-first heap   total 70656K, used 37669K [0x00000000c2c00000, 0x0000000100000000)
  region size 1024K, 2 young (2048K), 2 survivors (2048K)
 Metaspace       used 43739K, committed 44288K, reserved 1114112K
  class space    used 4798K, committed 5056K, reserved 1048576K
}
Event: 56.399 GC heap before
{Heap before GC invocations=23 (full 0):
 garbage-first heap   total 70656K, used 58149K [0x00000000c2c00000, 0x0000000100000000)
  region size 1024K, 22 young (22528K), 2 survivors (2048K)
 Metaspace       used 44066K, committed 44544K, reserved 1114112K
  class space    used 4842K, committed 5056K, reserved 1048576K
}
Event: 56.479 GC heap after
{Heap after GC invocations=24 (full 0):
 garbage-first heap   total 94208K, used 54272K [0x00000000c2c00000, 0x0000000100000000)
  region size 1024K, 3 young (3072K), 3 survivors (3072K)
 Metaspace       used 44066K, committed 44544K, reserved 1114112K
  class space    used 4842K, committed 5056K, reserved 1048576K
}
Event: 57.498 GC heap before
{Heap before GC invocations=24 (full 0):
 garbage-first heap   total 94208K, used 70656K [0x00000000c2c00000, 0x0000000100000000)
  region size 1024K, 19 young (19456K), 3 survivors (3072K)
 Metaspace       used 44401K, committed 44928K, reserved 1114112K
  class space    used 4876K, committed 5120K, reserved 1048576K
}
Event: 57.523 GC heap after
{Heap after GC invocations=25 (full 0):
 garbage-first heap   total 94208K, used 57856K [0x00000000c2c00000, 0x0000000100000000)
  region size 1024K, 3 young (3072K), 3 survivors (3072K)
 Metaspace       used 44401K, committed 44928K, reserved 1114112K
  class space    used 4876K, committed 5120K, reserved 1048576K
}
Event: 57.723 GC heap before
{Heap before GC invocations=25 (full 0):
 garbage-first heap   total 94208K, used 73216K [0x00000000c2c00000, 0x0000000100000000)
  region size 1024K, 18 young (18432K), 3 survivors (3072K)
 Metaspace       used 44423K, committed 44928K, reserved 1114112K
  class space    used 4879K, committed 5120K, reserved 1048576K
}
Event: 57.730 GC heap after
{Heap after GC invocations=26 (full 0):
 garbage-first heap   total 94208K, used 58946K [0x00000000c2c00000, 0x0000000100000000)
  region size 1024K, 1 young (1024K), 1 survivors (1024K)
 Metaspace       used 44423K, committed 44928K, reserved 1114112K
  class space    used 4879K, committed 5120K, reserved 1048576K
}
Event: 57.979 GC heap before
{Heap before GC invocations=26 (full 0):
 garbage-first heap   total 94208K, used 76354K [0x00000000c2c00000, 0x0000000100000000)
  region size 1024K, 18 young (18432K), 1 survivors (1024K)
 Metaspace       used 44431K, committed 44992K, reserved 1114112K
  class space    used 4880K, committed 5120K, reserved 1048576K
}
Event: 57.983 GC heap after
{Heap after GC invocations=27 (full 0):
 garbage-first heap   total 94208K, used 58603K [0x00000000c2c00000, 0x0000000100000000)
  region size 1024K, 1 young (1024K), 1 survivors (1024K)
 Metaspace       used 44431K, committed 44992K, reserved 1114112K
  class space    used 4880K, committed 5120K, reserved 1048576K
}

Dll operation events (10 events):
Event: 0.031 Loaded shared library C:\Program Files\Eclipse Adoptium\jdk-21.0.4.7-hotspot\bin\java.dll
Event: 0.185 Loaded shared library C:\Program Files\Eclipse Adoptium\jdk-21.0.4.7-hotspot\bin\jsvml.dll
Event: 0.385 Loaded shared library C:\Program Files\Eclipse Adoptium\jdk-21.0.4.7-hotspot\bin\net.dll
Event: 0.397 Loaded shared library C:\Program Files\Eclipse Adoptium\jdk-21.0.4.7-hotspot\bin\nio.dll
Event: 0.413 Loaded shared library C:\Program Files\Eclipse Adoptium\jdk-21.0.4.7-hotspot\bin\zip.dll
Event: 1.651 Loaded shared library C:\Program Files\Eclipse Adoptium\jdk-21.0.4.7-hotspot\bin\jimage.dll
Event: 1.747 Loaded shared library C:\Program Files\JetBrains\IntelliJ IDEA 2024.1.6\plugins\maven\lib\maven3\lib\jansi-native\Windows\x86_64\jansi.dll
Event: 1.802 Loaded shared library C:\Program Files\Eclipse Adoptium\jdk-21.0.4.7-hotspot\bin\verify.dll
Event: 43.528 Loaded shared library C:\Program Files\Eclipse Adoptium\jdk-21.0.4.7-hotspot\bin\sunmscapi.dll
Event: 44.969 Loaded shared library C:\Program Files\Eclipse Adoptium\jdk-21.0.4.7-hotspot\bin\extnet.dll

Deoptimization events (20 events):
Event: 56.757 Thread 0x000001cad4a79f60 DEOPT PACKING pc=0x000001cae6ebfb18 sp=0x0000007ce2cfd570
Event: 56.757 Thread 0x000001cad4a79f60 DEOPT UNPACKING pc=0x000001cae682469c sp=0x0000007ce2cfd4e0 mode 2
Event: 56.757 Thread 0x000001cad4a79f60 Uncommon trap: trap_request=0xffffffde fr.pc=0x000001cae6ec0418 relative=0x0000000000000078
Event: 56.757 Thread 0x000001cad4a79f60 Uncommon trap: reason=class_check action=maybe_recompile pc=0x000001cae6ec0418 method=java.util.Collections$UnmodifiableMap$UnmodifiableEntrySet$UnmodifiableEntry.getKey()Ljava/lang/Object; @ 4 c2
Event: 56.757 Thread 0x000001cad4a79f60 DEOPT PACKING pc=0x000001cae6ec0418 sp=0x0000007ce2cfd5c0
Event: 56.757 Thread 0x000001cad4a79f60 DEOPT UNPACKING pc=0x000001cae682469c sp=0x0000007ce2cfd550 mode 2
Event: 56.757 Thread 0x000001cad4a79f60 Uncommon trap: trap_request=0xffffffde fr.pc=0x000001cae6ec0718 relative=0x0000000000000078
Event: 56.757 Thread 0x000001cad4a79f60 Uncommon trap: reason=class_check action=maybe_recompile pc=0x000001cae6ec0718 method=java.util.Collections$UnmodifiableMap$UnmodifiableEntrySet$UnmodifiableEntry.getValue()Ljava/lang/Object; @ 4 c2
Event: 56.757 Thread 0x000001cad4a79f60 DEOPT PACKING pc=0x000001cae6ec0718 sp=0x0000007ce2cfd5c0
Event: 56.757 Thread 0x000001cad4a79f60 DEOPT UNPACKING pc=0x000001cae682469c sp=0x0000007ce2cfd550 mode 2
Event: 57.211 Thread 0x000001cad4a79f60 DEOPT PACKING pc=0x000001cae040e329 sp=0x0000007ce2cfd010
Event: 57.211 Thread 0x000001cad4a79f60 DEOPT UNPACKING pc=0x000001cae6824e23 sp=0x0000007ce2cfc538 mode 0
Event: 57.442 Thread 0x000001cad4a79f60 DEOPT PACKING pc=0x000001cae0412e81 sp=0x0000007ce2cfc950
Event: 57.442 Thread 0x000001cad4a79f60 DEOPT UNPACKING pc=0x000001cae6824e23 sp=0x0000007ce2cfbe68 mode 0
Event: 57.657 Thread 0x000001cad4a79f60 DEOPT PACKING pc=0x000001cadfa376f3 sp=0x0000007ce2cfcf70
Event: 57.657 Thread 0x000001cad4a79f60 DEOPT UNPACKING pc=0x000001cae6824e23 sp=0x0000007ce2cfc420 mode 0
Event: 57.661 Thread 0x000001cad4a79f60 DEOPT PACKING pc=0x000001cadfa376f3 sp=0x0000007ce2cfc790
Event: 57.661 Thread 0x000001cad4a79f60 DEOPT UNPACKING pc=0x000001cae6824e23 sp=0x0000007ce2cfbc40 mode 0
Event: 57.666 Thread 0x000001cad4a79f60 DEOPT PACKING pc=0x000001cadfa376f3 sp=0x0000007ce2cfcf70
Event: 57.666 Thread 0x000001cad4a79f60 DEOPT UNPACKING pc=0x000001cae6824e23 sp=0x0000007ce2cfc420 mode 0

Classes loaded (20 events):
Event: 52.735 Loading class sun/util/logging/PlatformLogger
Event: 52.736 Loading class sun/util/logging/PlatformLogger done
Event: 52.736 Loading class sun/util/logging/PlatformLogger$Level
Event: 52.736 Loading class sun/util/logging/PlatformLogger$Level done
Event: 52.736 Loading class jdk/internal/logger/SimpleConsoleLogger$Formatting
Event: 52.737 Loading class jdk/internal/logger/SimpleConsoleLogger$Formatting done
Event: 52.874 Loading class java/io/FileFilter
Event: 52.881 Loading class java/io/FileFilter done
Event: 52.984 Loading class java/util/concurrent/CopyOnWriteArraySet
Event: 52.987 Loading class java/util/concurrent/CopyOnWriteArraySet done
Event: 53.267 Loading class java/util/zip/ZipOutputStream
Event: 53.268 Loading class java/util/zip/ZipOutputStream done
Event: 53.268 Loading class java/util/jar/JarOutputStream
Event: 53.268 Loading class java/util/jar/JarOutputStream done
Event: 55.717 Loading class sun/nio/cs/UTF_32LE
Event: 55.717 Loading class sun/nio/cs/UTF_32LE done
Event: 55.718 Loading class sun/nio/cs/UTF_32BE
Event: 55.718 Loading class sun/nio/cs/UTF_32BE done
Event: 56.810 Loading class java/lang/invoke/WrongMethodTypeException
Event: 56.813 Loading class java/lang/invoke/WrongMethodTypeException done

Classes unloaded (0 events):
No events

Classes redefined (0 events):
No events

Internal exceptions (20 events):
Event: 58.307 Thread 0x000001cad4a79f60 Implicit null exception at 0x000001cae04383d4 to 0x000001cae043cc04
Event: 58.341 Thread 0x000001cad4a79f60 Exception <a 'java/lang/NullPointerException'{0x00000000c7ed61b0}> (0x00000000c7ed61b0) 
thrown [s\src\hotspot\share\runtime\sharedRuntime.cpp, line 625]
Event: 58.359 Thread 0x000001cad4a79f60 Implicit null exception at 0x000001cae04383d4 to 0x000001cae043cc04
Event: 58.359 Thread 0x000001cad4a79f60 Exception <a 'java/lang/NullPointerException'{0x00000000c7d33230}> (0x00000000c7d33230) 
thrown [s\src\hotspot\share\runtime\sharedRuntime.cpp, line 625]
Event: 58.371 Thread 0x000001cad4a79f60 Implicit null exception at 0x000001cae04383d4 to 0x000001cae043cc04
Event: 58.371 Thread 0x000001cad4a79f60 Exception <a 'java/lang/NullPointerException'{0x00000000c7d9e830}> (0x00000000c7d9e830) 
thrown [s\src\hotspot\share\runtime\sharedRuntime.cpp, line 625]
Event: 58.391 Thread 0x000001cad4a79f60 Implicit null exception at 0x000001cae04383d4 to 0x000001cae043cc04
Event: 58.391 Thread 0x000001cad4a79f60 Exception <a 'java/lang/NullPointerException'{0x00000000c7605848}> (0x00000000c7605848) 
thrown [s\src\hotspot\share\runtime\sharedRuntime.cpp, line 625]
Event: 58.418 Thread 0x000001cad4a79f60 Implicit null exception at 0x000001cae04383d4 to 0x000001cae043cc04
Event: 58.418 Thread 0x000001cad4a79f60 Exception <a 'java/lang/NullPointerException'{0x00000000c766c4d8}> (0x00000000c766c4d8) 
thrown [s\src\hotspot\share\runtime\sharedRuntime.cpp, line 625]
Event: 58.476 Thread 0x000001cad4a79f60 Implicit null exception at 0x000001cae04383d4 to 0x000001cae043cc04
Event: 58.476 Thread 0x000001cad4a79f60 Exception <a 'java/lang/NullPointerException'{0x00000000c76d6ce8}> (0x00000000c76d6ce8) 
thrown [s\src\hotspot\share\runtime\sharedRuntime.cpp, line 625]
Event: 58.479 Thread 0x000001cad4a79f60 Implicit null exception at 0x000001cae04383d4 to 0x000001cae043cc04
Event: 58.480 Thread 0x000001cad4a79f60 Exception <a 'java/lang/NullPointerException'{0x00000000c753dd80}> (0x00000000c753dd80) 
thrown [s\src\hotspot\share\runtime\sharedRuntime.cpp, line 625]
Event: 58.506 Thread 0x000001cad4a79f60 Implicit null exception at 0x000001cae04383d4 to 0x000001cae043cc04
Event: 58.506 Thread 0x000001cad4a79f60 Exception <a 'java/lang/NullPointerException'{0x00000000c75ad8f8}> (0x00000000c75ad8f8) 
thrown [s\src\hotspot\share\runtime\sharedRuntime.cpp, line 625]
Event: 58.520 Thread 0x000001cad4a79f60 Implicit null exception at 0x000001cae04383d4 to 0x000001cae043cc04
Event: 58.522 Thread 0x000001cad4a79f60 Exception <a 'java/lang/NullPointerException'{0x00000000c7418840}> (0x00000000c7418840) 
thrown [s\src\hotspot\share\runtime\sharedRuntime.cpp, line 625]
Event: 58.735 Thread 0x000001cad4a79f60 Implicit null exception at 0x000001cae04383d4 to 0x000001cae043cc04
Event: 58.735 Thread 0x000001cad4a79f60 Exception <a 'java/lang/NullPointerException'{0x00000000c748aa40}> (0x00000000c748aa40) 
thrown [s\src\hotspot\share\runtime\sharedRuntime.cpp, line 625]

ZGC Phase Switch (0 events):
No events

VM Operations (20 events):
Event: 53.980 Executing VM operation: Cleanup
Event: 53.980 Executing VM operation: Cleanup done
Event: 54.987 Executing VM operation: Cleanup
Event: 54.987 Executing VM operation: Cleanup done
Event: 55.550 Executing VM operation: G1CollectForAllocation (G1 Evacuation Pause)
Event: 55.605 Executing VM operation: G1CollectForAllocation (G1 Evacuation Pause) done
Event: 55.626 Executing VM operation: HandshakeAllThreads (Deoptimize)
Event: 55.626 Executing VM operation: HandshakeAllThreads (Deoptimize) done
Event: 56.399 Executing VM operation: G1CollectForAllocation (G1 Evacuation Pause)
Event: 56.479 Executing VM operation: G1CollectForAllocation (G1 Evacuation Pause) done
Event: 57.498 Executing VM operation: G1CollectForAllocation (G1 Evacuation Pause)
Event: 57.523 Executing VM operation: G1CollectForAllocation (G1 Evacuation Pause) done
Event: 57.723 Executing VM operation: G1CollectForAllocation (G1 Evacuation Pause)
Event: 57.730 Executing VM operation: G1CollectForAllocation (G1 Evacuation Pause) done
Event: 57.979 Executing VM operation: G1CollectForAllocation (G1 Evacuation Pause)
Event: 57.984 Executing VM operation: G1CollectForAllocation (G1 Evacuation Pause) done
Event: 58.192 Executing VM operation: G1PauseRemark
Event: 58.259 Executing VM operation: G1PauseRemark done
Event: 58.319 Executing VM operation: G1PauseCleanup
Event: 58.332 Executing VM operation: G1PauseCleanup done

Memory protections (0 events):
No events

Nmethod flushes (20 events):
Event: 58.257 Thread 0x000001cad6c77bd0 flushing  nmethod 0x000001cadfe7ac10
Event: 58.257 Thread 0x000001cad6c77bd0 flushing  nmethod 0x000001cadfe8ed90
Event: 58.257 Thread 0x000001cad6c77bd0 flushing  nmethod 0x000001cadfecfd90
Event: 58.257 Thread 0x000001cad6c77bd0 flushing  nmethod 0x000001cadfed3c90
Event: 58.257 Thread 0x000001cad6c77bd0 flushing  nmethod 0x000001cadfed6890
Event: 58.257 Thread 0x000001cad6c77bd0 flushing  nmethod 0x000001cadfed6d10
Event: 58.257 Thread 0x000001cad6c77bd0 flushing  nmethod 0x000001cadfee9f10
Event: 58.257 Thread 0x000001cad6c77bd0 flushing  nmethod 0x000001cadff88790
Event: 58.257 Thread 0x000001cad6c77bd0 flushing  nmethod 0x000001cadff8ad90
Event: 58.257 Thread 0x000001cad6c77bd0 flushing  nmethod 0x000001cadff8b210
Event: 58.257 Thread 0x000001cad6c77bd0 flushing  nmethod 0x000001cadffd2f90
Event: 58.257 Thread 0x000001cad6c77bd0 flushing  nmethod 0x000001cadffda110
Event: 58.257 Thread 0x000001cad6c77bd0 flushing  nmethod 0x000001cadfffa590
Event: 58.257 Thread 0x000001cad6c77bd0 flushing  nmethod 0x000001cae011c690
Event: 58.257 Thread 0x000001cad6c77bd0 flushing  nmethod 0x000001cae0157f10
Event: 58.257 Thread 0x000001cad6c77bd0 flushing  nmethod 0x000001cae017da90
Event: 58.257 Thread 0x000001cad6c77bd0 flushing  nmethod 0x000001cae0188d10
Event: 58.257 Thread 0x000001cad6c77bd0 flushing  nmethod 0x000001cae02f3690
Event: 58.257 Thread 0x000001cad6c77bd0 flushing  nmethod 0x000001cae0320410
Event: 58.257 Thread 0x000001cad6c77bd0 flushing  nmethod 0x000001cae033f310

Events (19 events):
Event: 0.115 Thread 0x000001cad4a79f60 Thread added: 0x000001cad4a79f60
Event: 0.180 Thread 0x000001cad4a79f60 Thread added: 0x000001caf1a2c030
Event: 0.180 Thread 0x000001cad4a79f60 Thread added: 0x000001caf1a2c6a0
Event: 0.181 Thread 0x000001cad4a79f60 Thread added: 0x000001caf1a2e3d0
Event: 0.181 Thread 0x000001cad4a79f60 Thread added: 0x000001caf1a2f0b0
Event: 0.181 Thread 0x000001cad4a79f60 Thread added: 0x000001caf1a302b0
Event: 0.182 Thread 0x000001cad4a79f60 Thread added: 0x000001caf1a31710
Event: 0.182 Thread 0x000001cad4a79f60 Thread added: 0x000001caf1a38280
Event: 0.182 Thread 0x000001cad4a79f60 Thread added: 0x000001caf1a3a4d0
Event: 0.357 Thread 0x000001cad4a79f60 Thread added: 0x000001caf608e340
Event: 0.372 Thread 0x000001cad4a79f60 Thread added: 0x000001caf608aec0
Event: 43.398 Thread 0x000001cad4a79f60 Thread added: 0x000001caf608dcb0
Event: 43.400 Thread 0x000001cad4a79f60 Thread added: 0x000001caf608b550
Event: 47.068 Thread 0x000001caf608b550 Thread exited: 0x000001caf608b550
Event: 47.069 Thread 0x000001caf608dcb0 Thread exited: 0x000001caf608dcb0
Event: 49.829 Thread 0x000001cad4a79f60 Thread added: 0x000001caf608dcb0
Event: 49.856 Thread 0x000001cad4a79f60 Thread added: 0x000001caf608d620
Event: 51.148 Thread 0x000001caf608dcb0 Thread exited: 0x000001caf608dcb0
Event: 51.148 Thread 0x000001caf608d620 Thread exited: 0x000001caf608d620


Dynamic libraries:
0x00007ff672d70000 - 0x00007ff672d7e000 	C:\Program Files\Eclipse Adoptium\jdk-21.0.4.7-hotspot\bin\java.exe
0x00007ffec77c0000 - 0x00007ffec79c9000 	C:\WINDOWS\SYSTEM32\ntdll.dll
0x00007ffec5fa0000 - 0x00007ffec605d000 	C:\WINDOWS\System32\KERNEL32.DLL
0x00007ffec4ea0000 - 0x00007ffec5224000 	C:\WINDOWS\System32\KERNELBASE.dll
0x00007ffec4d10000 - 0x00007ffec4e21000 	C:\WINDOWS\System32\ucrtbase.dll
0x00007ffeb0280000 - 0x00007ffeb0298000 	C:\Program Files\Eclipse Adoptium\jdk-21.0.4.7-hotspot\bin\jli.dll
0x00007ffec74c0000 - 0x00007ffec766d000 	C:\WINDOWS\System32\USER32.dll
0x00007ffec5350000 - 0x00007ffec5376000 	C:\WINDOWS\System32\win32u.dll
0x00007ffec6280000 - 0x00007ffec62aa000 	C:\WINDOWS\System32\GDI32.dll
0x00007ffec5230000 - 0x00007ffec534e000 	C:\WINDOWS\System32\gdi32full.dll
0x00007ffec5400000 - 0x00007ffec549d000 	C:\WINDOWS\System32\msvcp_win.dll
0x00007ffeb06c0000 - 0x00007ffeb06db000 	C:\Program Files\Eclipse Adoptium\jdk-21.0.4.7-hotspot\bin\VCRUNTIME140.dll
0x00007ffea8f00000 - 0x00007ffea91a5000 	C:\WINDOWS\WinSxS\amd64_microsoft.windows.common-controls_6595b64144ccf1df_6.0.22000.120_none_9d947278b86cc467\COMCTL32.dll
0x00007ffec59c0000 - 0x00007ffec5a63000 	C:\WINDOWS\System32\msvcrt.dll
0x00007ffec5ef0000 - 0x00007ffec5f21000 	C:\WINDOWS\System32\IMM32.DLL
0x00007ffeb14c0000 - 0x00007ffeb14cc000 	C:\Program Files\Eclipse Adoptium\jdk-21.0.4.7-hotspot\bin\vcruntime140_1.dll
0x00007ffe8d9d0000 - 0x00007ffe8da5e000 	C:\Program Files\Eclipse Adoptium\jdk-21.0.4.7-hotspot\bin\msvcp140.dll
0x00007ffe4ac00000 - 0x00007ffe4b988000 	C:\Program Files\Eclipse Adoptium\jdk-21.0.4.7-hotspot\bin\server\jvm.dll
0x00007ffec62b0000 - 0x00007ffec635e000 	C:\WINDOWS\System32\ADVAPI32.dll
0x00007ffec5670000 - 0x00007ffec570e000 	C:\WINDOWS\System32\sechost.dll
0x00007ffec6060000 - 0x00007ffec6181000 	C:\WINDOWS\System32\RPCRT4.dll
0x00007ffec5f30000 - 0x00007ffec5f9f000 	C:\WINDOWS\System32\WS2_32.dll
0x00007ffebd970000 - 0x00007ffebd9a3000 	C:\WINDOWS\SYSTEM32\WINMM.dll
0x00007ffebc100000 - 0x00007ffebc10a000 	C:\WINDOWS\SYSTEM32\VERSION.dll
0x00007ffec4b20000 - 0x00007ffec4b6d000 	C:\WINDOWS\SYSTEM32\POWRPROF.dll
0x00007ffec4b00000 - 0x00007ffec4b13000 	C:\WINDOWS\SYSTEM32\UMPDC.dll
0x00007ffec3c80000 - 0x00007ffec3c98000 	C:\WINDOWS\SYSTEM32\kernel.appcore.dll
0x00007ffeb1090000 - 0x00007ffeb109a000 	C:\Program Files\Eclipse Adoptium\jdk-21.0.4.7-hotspot\bin\jimage.dll
0x00007ffec2600000 - 0x00007ffec2821000 	C:\WINDOWS\SYSTEM32\DBGHELP.DLL
0x00007ffeaa400000 - 0x00007ffeaa431000 	C:\WINDOWS\SYSTEM32\dbgcore.DLL
0x00007ffec5380000 - 0x00007ffec53ff000 	C:\WINDOWS\System32\bcryptPrimitives.dll
0x00007ffeb0b90000 - 0x00007ffeb0baf000 	C:\Program Files\Eclipse Adoptium\jdk-21.0.4.7-hotspot\bin\java.dll
0x00007ffec66b0000 - 0x00007ffec6e75000 	C:\WINDOWS\System32\SHELL32.dll
0x00007ffec2ce0000 - 0x00007ffec3542000 	C:\WINDOWS\SYSTEM32\windows.storage.dll
0x00007ffec6e80000 - 0x00007ffec71f6000 	C:\WINDOWS\System32\combase.dll
0x00007ffec2b70000 - 0x00007ffec2cd7000 	C:\WINDOWS\SYSTEM32\wintypes.dll
0x00007ffec6190000 - 0x00007ffec627a000 	C:\WINDOWS\System32\SHCORE.dll
0x00007ffec5730000 - 0x00007ffec578d000 	C:\WINDOWS\System32\shlwapi.dll
0x00007ffec4b80000 - 0x00007ffec4ba5000 	C:\WINDOWS\SYSTEM32\profapi.dll
0x00007ffe8dc20000 - 0x00007ffe8dcf7000 	C:\Program Files\Eclipse Adoptium\jdk-21.0.4.7-hotspot\bin\jsvml.dll
0x00007ffeb0b80000 - 0x00007ffeb0b90000 	C:\Program Files\Eclipse Adoptium\jdk-21.0.4.7-hotspot\bin\net.dll
0x00007ffebc620000 - 0x00007ffebc734000 	C:\WINDOWS\SYSTEM32\WINHTTP.dll
0x00007ffec4120000 - 0x00007ffec4187000 	C:\WINDOWS\system32\mswsock.dll
0x00007ffeb01f0000 - 0x00007ffeb0206000 	C:\Program Files\Eclipse Adoptium\jdk-21.0.4.7-hotspot\bin\nio.dll
0x00007ffeaf470000 - 0x00007ffeaf488000 	C:\Program Files\Eclipse Adoptium\jdk-21.0.4.7-hotspot\bin\zip.dll
0x0000000069ac0000 - 0x0000000069ae4000 	C:\Program Files\JetBrains\IntelliJ IDEA 2024.1.6\plugins\maven\lib\maven3\lib\jansi-native\Windows\x86_64\jansi.dll
0x00007ffeb0780000 - 0x00007ffeb0790000 	C:\Program Files\Eclipse Adoptium\jdk-21.0.4.7-hotspot\bin\verify.dll
0x00007ffec1070000 - 0x00007ffec107e000 	C:\Program Files\Eclipse Adoptium\jdk-21.0.4.7-hotspot\bin\sunmscapi.dll
0x00007ffec54a0000 - 0x00007ffec5602000 	C:\WINDOWS\System32\CRYPT32.dll
0x00007ffec4500000 - 0x00007ffec4528000 	C:\WINDOWS\SYSTEM32\ncrypt.dll
0x00007ffec44c0000 - 0x00007ffec44f7000 	C:\WINDOWS\SYSTEM32\NTASN1.dll
0x00007ffec43f0000 - 0x00007ffec4408000 	C:\WINDOWS\SYSTEM32\CRYPTSP.dll
0x00007ffec3be0000 - 0x00007ffec3c15000 	C:\WINDOWS\system32\rsaenh.dll
0x00007ffec41c0000 - 0x00007ffec41ec000 	C:\WINDOWS\SYSTEM32\USERENV.dll
0x00007ffec4530000 - 0x00007ffec4557000 	C:\WINDOWS\SYSTEM32\bcrypt.dll
0x00007ffec4310000 - 0x00007ffec431c000 	C:\WINDOWS\SYSTEM32\CRYPTBASE.dll
0x00007ffec37a0000 - 0x00007ffec37cd000 	C:\WINDOWS\SYSTEM32\IPHLPAPI.DLL
0x00007ffec7200000 - 0x00007ffec7209000 	C:\WINDOWS\System32\NSI.dll
0x00007ffec37d0000 - 0x00007ffec38b7000 	C:\WINDOWS\SYSTEM32\DNSAPI.dll
0x00007ffeb34f0000 - 0x00007ffeb34fa000 	C:\Windows\System32\rasadhlp.dll
0x00007ffeb6f90000 - 0x00007ffeb7011000 	C:\WINDOWS\System32\fwpuclnt.dll
0x00007ffeb0970000 - 0x00007ffeb0979000 	C:\Program Files\Eclipse Adoptium\jdk-21.0.4.7-hotspot\bin\extnet.dll

dbghelp: loaded successfully - version: 4.0.5 - missing functions: none
symbol engine: initialized successfully - sym options: 0x614 - pdb path: .;C:\Program Files\Eclipse Adoptium\jdk-21.0.4.7-hotspot\bin;C:\WINDOWS\SYSTEM32;C:\WINDOWS\WinSxS\amd64_microsoft.windows.common-controls_6595b64144ccf1df_6.0.22000.120_none_9d947278b86cc467;C:\Program Files\Eclipse Adoptium\jdk-21.0.4.7-hotspot\bin\server;C:\Program Files\JetBrains\IntelliJ IDEA 2024.1.6\plugins\maven\lib\maven3\lib\jansi-native\Windows\x86_64

VM Arguments:
jvm_args: -Dclassworlds.conf=C:\Program Files\JetBrains\IntelliJ IDEA 2024.1.6\plugins\maven\lib\maven3\bin\m2.conf -Dmaven.home=C:\Program Files\JetBrains\IntelliJ IDEA 2024.1.6\plugins\maven\lib\maven3 -Dlibrary.jansi.path=C:\Program Files\JetBrains\IntelliJ IDEA 2024.1.6\plugins\maven\lib\maven3\lib\jansi-native -Dmaven.multiModuleProjectDirectory=C:\Users\MINED\IdeaProjects\Cine_2024 
java_command: org.codehaus.plexus.classworlds.launcher.Launcher io.openliberty.tools:liberty-maven-plugin:dev
java_class_path (initial): C:\Program Files\JetBrains\IntelliJ IDEA 2024.1.6\plugins\maven\lib\maven3\boot\plexus-classworlds-2.7.0.jar
Launcher Type: SUN_STANDARD

[Global flags]
     intx CICompilerCount                          = 3                                         {product} {ergonomic}
     uint ConcGCThreads                            = 1                                         {product} {ergonomic}
     uint G1ConcRefinementThreads                  = 4                                         {product} {ergonomic}
   size_t G1HeapRegionSize                         = 1048576                                   {product} {ergonomic}
    uintx GCDrainStackTargetSize                   = 64                                        {product} {ergonomic}
   size_t InitialHeapSize                          = 65011712                                  {product} {ergonomic}
   size_t MarkStackSize                            = 4194304                                   {product} {ergonomic}
   size_t MaxHeapSize                              = 1027604480                                {product} {ergonomic}
   size_t MaxNewSize                               = 616562688                                 {product} {ergonomic}
   size_t MinHeapDeltaBytes                        = 1048576                                   {product} {ergonomic}
   size_t MinHeapSize                              = 8388608                                   {product} {ergonomic}
    uintx NonNMethodCodeHeapSize                   = 5832780                                {pd product} {ergonomic}
    uintx NonProfiledCodeHeapSize                  = 122912730                              {pd product} {ergonomic}
    uintx ProfiledCodeHeapSize                     = 122912730                              {pd product} {ergonomic}
    uintx ReservedCodeCacheSize                    = 251658240                              {pd product} {ergonomic}
     bool SegmentedCodeCache                       = true                                      {product} {ergonomic}
   size_t SoftMaxHeapSize                          = 1027604480                             {manageable} {ergonomic}
     bool UseCompressedOops                        = true                           {product lp64_product} {ergonomic}
     bool UseG1GC                                  = true                                      {product} {ergonomic}
     bool UseLargePagesIndividualAllocation        = false                                  {pd product} {ergonomic}

Logging:
Log output configuration:
 #0: stdout all=warning uptime,level,tags foldmultilines=false
 #1: stderr all=off uptime,level,tags foldmultilines=false

Environment Variables:
JAVA_HOME=C:\Program Files\Eclipse Adoptium\jdk-21.0.4.7-hotspot\
PATH=C:\Program Files\Eclipse Adoptium\jdk-21.0.4.7-hotspot\bin;C:\Program Files\Common Files\Oracle\Java\javapath;C:\Program Files (x86)\Common Files\Oracle\Java\java8path;C:\Program Files (x86)\Common Files\Oracle\Java\javapath;C:\WINDOWS\system32;C:\WINDOWS;C:\WINDOWS\System32\Wbem;C:\WINDOWS\System32\WindowsPowerShell\v1.0\;C:\WINDOWS\System32\OpenSSH\;C:\Program Files\Azure Data Studio\bin;C:\cygwin64\bin;C:\cygwin64\lib;C:\MinGW\bin;C:\Program Files\Docker\Docker\resources\bin;C:\Program Files\CMake\bin;C:\Program Files\Apache\Maven\apache-maven-3.9.9\bin;";C:\Program Files\Eclipse Adoptium\jdk-21.0.4.7-hotspot\\bin";C:\Program Files\Eclipse Adoptium\jdk-21.0.4.7-hotspot\bin;C:\Program Files\Git\cmd;C:\Users\MINED\AppData\Local\Microsoft\WindowsApps;C:\Program Files\Azure Data Studio\bin;C:\Users\MINED\AppData\Local\Programs\Microsoft VS Code\bin;C:\Users\MINED\Documents\Programación II\apppserv\AppServ\Apache24\bin;C:\Users\MINED\Documents\Programación II\apppserv\AppServ\php7;C:\Users\MINED\Documents\Programación II\apppserv\AppServ\MySQL\bin;C:\Program Files\Eclipse Adoptium\jdk-21.0.4.7-hotspot\bin;C:\Program Files\Apache\Maven\apache-maven-3.9.9\bin;C:\Program Files\JetBrains\IntelliJ IDEA 2024.1.6\bin;;
USERNAME=MINED
OS=Windows_NT
PROCESSOR_IDENTIFIER=Intel64 Family 6 Model 122 Stepping 8, GenuineIntel
TMP=C:\Users\MINED\AppData\Local\Temp
TEMP=C:\Users\MINED\AppData\Local\Temp




Periodic native trim disabled

---------------  S Y S T E M  ---------------

OS:
 Windows 11 , 64 bit Build 22000 (10.0.22000.2538)
OS uptime: 1 days 21:05 hours
Hyper-V role detected

CPU: total 4 (initial active 4) (4 cores per cpu, 1 threads per core) family 6 model 122 stepping 8 microcode 0x18, cx8, cmov, fxsr, mmx, 3dnowpref, sse, sse2, sse3, ssse3, sse4.1, sse4.2, popcnt, tsc, tscinvbit, aes, erms, clmul, sha, clflush, clflushopt, hv, rdtscp, rdpid
Processor Information for all 4 processors :
  Max Mhz: 1101, Current Mhz: 1101, Mhz Limit: 1101

Memory: 4k page, system-wide physical 3917M (232M free)
TotalPageFile size 15693M (AvailPageFile size 10M)
current process WorkingSet (physical memory assigned to process): 208M, peak: 208M
current process commit charge ("private bytes"): 283M, peak: 284M

vm_info: OpenJDK 64-Bit Server VM (21.0.4+7-LTS) for windows-amd64 JRE (21.0.4+7-LTS), built on 2024-07-16T00:00:00Z by "admin" with MS VC++ 17.7 (VS2022)

END.
